<?xml version="1.0" encoding="UTF-8"?>
<!-- Generated by org.testng.reporters.JUnitReportReporter -->
<testsuite hostname="LAPTOP-QHMIOBC5" failures="0" tests="4" name="com.TCs_usingPOMnUtils.AddEmployee_TC_01_Test" time="0.047" errors="2" timestamp="2023-11-24T12:48:03 IST" skipped="0">
  <testcase classname="com.TCs_usingPOMnUtils.AddEmployee_TC_01_Test" name="method_TC01" time="0.007"/>
  <system-out>
    <![CDATA[method_TC01--- TestScript Execution Stsrts From Here ---
method_TC01 Executed Succeessfully]]>
  </system-out>
  <testcase classname="com.TCs_usingPOMnUtils.AddEmployee_TC_01_Test" name="TC_01" time="0.006">
    <error message="Unresolved compilation problem: 
	The method navigateToAddEmployee(WebDriver) in the type Home_Page is not applicable for the arguments ()
" type="java.lang.Error">
      <![CDATA[java.lang.Error: Unresolved compilation problem: 
The method navigateToAddEmployee(WebDriver) in the type Home_Page is not applicable for the arguments ()

at com.TCs_usingPOMnUtils.AddEmployee_TC_01_Test.TC_01(AddEmployee_TC_01_Test.java:111)
at java.base/jdk.internal.reflect.DirectMethodHandleAccessor.invoke(DirectMethodHandleAccessor.java:104)
at java.base/java.lang.reflect.Method.invoke(Method.java:578)
at org.testng.internal.invokers.MethodInvocationHelper.invokeMethod(MethodInvocationHelper.java:139)
at org.testng.internal.invokers.TestInvoker.invokeMethod(TestInvoker.java:677)
at org.testng.internal.invokers.TestInvoker.invokeTestMethod(TestInvoker.java:221)
at org.testng.internal.invokers.MethodRunner.runInSequence(MethodRunner.java:50)
at org.testng.internal.invokers.TestInvoker$MethodInvocationAgent.invoke(TestInvoker.java:969)
at org.testng.internal.invokers.TestInvoker.invokeTestMethods(TestInvoker.java:194)
at org.testng.internal.invokers.TestMethodWorker.invokeTestMethods(TestMethodWorker.java:148)
at org.testng.internal.invokers.TestMethodWorker.run(TestMethodWorker.java:128)
at java.base/java.util.concurrent.ThreadPoolExecutor.runWorker(ThreadPoolExecutor.java:1144)
at java.base/java.util.concurrent.ThreadPoolExecutor$Worker.run(ThreadPoolExecutor.java:642)
at java.base/java.lang.Thread.run(Thread.java:1623)
]]>
    </error>
  </testcase> <!-- TC_01 -->
  <system-out>
    <![CDATA[TC_01--- TestScript Execution Stsrts From Here ---
TC_0124/11/2023 12-47-50 TestScript Execution Failed]]>
  </system-out>
  <testcase classname="com.TCs_usingPOMnUtils.AddEmployee_TC_01_Test" name="TC_01" time="0.031">
    <error message="Unresolved compilation problem: 
	The method navigateToAddEmployee(WebDriver) in the type Home_Page is not applicable for the arguments ()
" type="java.lang.Error">
      <![CDATA[java.lang.Error: Unresolved compilation problem: 
The method navigateToAddEmployee(WebDriver) in the type Home_Page is not applicable for the arguments ()

at com.TCs_usingPOMnUtils.AddEmployee_TC_01_Test.TC_01(AddEmployee_TC_01_Test.java:111)
at java.base/jdk.internal.reflect.DirectMethodHandleAccessor.invoke(DirectMethodHandleAccessor.java:104)
at java.base/java.lang.reflect.Method.invoke(Method.java:578)
at org.testng.internal.invokers.MethodInvocationHelper.invokeMethod(MethodInvocationHelper.java:139)
at org.testng.internal.invokers.TestInvoker.invokeMethod(TestInvoker.java:677)
at org.testng.internal.invokers.TestInvoker.invokeTestMethod(TestInvoker.java:221)
at org.testng.internal.invokers.MethodRunner.runInSequence(MethodRunner.java:50)
at org.testng.internal.invokers.TestInvoker$MethodInvocationAgent.invoke(TestInvoker.java:969)
at org.testng.internal.invokers.TestInvoker.invokeTestMethods(TestInvoker.java:194)
at org.testng.internal.invokers.TestMethodWorker.invokeTestMethods(TestMethodWorker.java:148)
at org.testng.internal.invokers.TestMethodWorker.run(TestMethodWorker.java:128)
at java.base/java.util.concurrent.ThreadPoolExecutor.runWorker(ThreadPoolExecutor.java:1144)
at java.base/java.util.concurrent.ThreadPoolExecutor$Worker.run(ThreadPoolExecutor.java:642)
at java.base/java.lang.Thread.run(Thread.java:1623)
]]>
    </error>
  </testcase> <!-- TC_01 -->
  <system-out>
    <![CDATA[TC_01--- TestScript Execution Stsrts From Here ---
TC_0124/11/2023 12-47-34 TestScript Execution Failed]]>
  </system-out>
  <testcase classname="com.TCs_usingPOMnUtils.AddEmployee_TC_01_Test" name="method_TC01" time="0.003"/>
  <system-out>
    <![CDATA[method_TC01--- TestScript Execution Stsrts From Here ---
method_TC01 Executed Succeessfully]]>
  </system-out>
</testsuite> <!-- com.TCs_usingPOMnUtils.AddEmployee_TC_01_Test -->
